# JRE version: OpenJDK Runtime Environment Temurin-21.0.2+13 (21.0.2+13) (build 21.0.2+13-LTS)
# Java VM: OpenJDK 64-Bit Server VM Temurin-21.0.2+13 (21.0.2+13-LTS, mixed mode, sharing, tiered, compressed oops, compressed class ptrs, g1 gc, windows-amd64)
GC Precious Log:
 CardTable entry size: 512
 Card Set container configuration: InlinePtr #cards 4 size 8 Array Of Cards #cards 16 size 48 Howl #buckets 8 coarsen threshold 3686 Howl Bitmap #cards 512 size 80 coarsen threshold 460 Card regions per heap region 1 cards per card region 4096
 CPUs: 16 total, 16 available
 Memory: 15596M
 Large Page Support: Disabled
 NUMA Support: Disabled
 Compressed Oops: Enabled (Zero based)
 Heap Region Size: 2M
 Heap Min Capacity: 8M
 Heap Initial Capacity: 244M
 Heap Max Capacity: 3900M
 Pre-touch: Disabled
 Parallel Workers: 13
 Concurrent Workers: 3
 Concurrent Refinement Workers: 13
 Periodic GC: Disabled
Heap:
 garbage-first heap   total 61440K, used 23904K [0x000000070c400000, 0x0000000800000000)
  region size 2048K, 3 young (6144K), 2 survivors (4096K)
 Metaspace       used 39608K, committed 40128K, reserved 1114112K
  class space    used 4812K, committed 5056K, reserved 1048576K
GC Heap History (14 events):
Event: 0.662 GC heap before
{Heap before GC invocations=0 (full 0):
 garbage-first heap   total 249856K, used 20480K [0x000000070c400000, 0x0000000800000000)
  region size 2048K, 11 young (22528K), 0 survivors (0K)
 Metaspace       used 6472K, committed 6592K, reserved 1114112K
  class space    used 659K, committed 704K, reserved 1048576K
}
Event: 0.667 GC heap after
{Heap after GC invocations=1 (full 0):
 garbage-first heap   total 249856K, used 9221K [0x000000070c400000, 0x0000000800000000)
  region size 2048K, 2 young (4096K), 2 survivors (4096K)
 Metaspace       used 6472K, committed 6592K, reserved 1114112K
  class space    used 659K, committed 704K, reserved 1048576K
}
Event: 0.934 GC heap before
{Heap before GC invocations=1 (full 0):
 garbage-first heap   total 249856K, used 29701K [0x000000070c400000, 0x0000000800000000)
  region size 2048K, 13 young (26624K), 2 survivors (4096K)
 Metaspace       used 9509K, committed 9792K, reserved 1114112K
  class space    used 1019K, committed 1152K, reserved 1048576K
}
Event: 0.937 GC heap after
{Heap after GC invocations=2 (full 0):
 garbage-first heap   total 249856K, used 10670K [0x000000070c400000, 0x0000000800000000)
  region size 2048K, 1 young (2048K), 1 survivors (2048K)
 Metaspace       used 9509K, committed 9792K, reserved 1114112K
  class space    used 1019K, committed 1152K, reserved 1048576K
}
Event: 1.724 GC heap before
{Heap before GC invocations=2 (full 0):
 garbage-first heap   total 249856K, used 57774K [0x000000070c400000, 0x0000000800000000)
  region size 2048K, 26 young (53248K), 1 survivors (2048K)
 Metaspace       used 21131K, committed 21504K, reserved 1114112K
  class space    used 2484K, committed 2688K, reserved 1048576K
}
Event: 1.727 GC heap after
{Heap after GC invocations=3 (full 0):
 garbage-first heap   total 249856K, used 14679K [0x000000070c400000, 0x0000000800000000)
  region size 2048K, 3 young (6144K), 3 survivors (6144K)
 Metaspace       used 21131K, committed 21504K, reserved 1114112K
  class space    used 2484K, committed 2688K, reserved 1048576K
}
Event: 2.257 GC heap before
{Heap before GC invocations=4 (full 0):
 garbage-first heap   total 61440K, used 45399K [0x000000070c400000, 0x0000000800000000)
  region size 2048K, 18 young (36864K), 3 survivors (6144K)
 Metaspace       used 23936K, committed 24320K, reserved 1114112K
  class space    used 2835K, committed 3008K, reserved 1048576K
}
Event: 2.260 GC heap after
{Heap after GC invocations=5 (full 0):
 garbage-first heap   total 61440K, used 16140K [0x000000070c400000, 0x0000000800000000)
  region size 2048K, 2 young (4096K), 2 survivors (4096K)
 Metaspace       used 23936K, committed 24320K, reserved 1114112K
  class space    used 2835K, committed 3008K, reserved 1048576K
}
Event: 2.832 GC heap before
{Heap before GC invocations=5 (full 0):
 garbage-first heap   total 61440K, used 40716K [0x000000070c400000, 0x0000000800000000)
  region size 2048K, 14 young (28672K), 2 survivors (4096K)
 Metaspace       used 27667K, committed 28032K, reserved 1114112K
  class space    used 3396K, committed 3584K, reserved 1048576K
}
Event: 2.836 GC heap after
{Heap after GC invocations=6 (full 0):
 garbage-first heap   total 61440K, used 18397K [0x000000070c400000, 0x0000000800000000)
  region size 2048K, 2 young (4096K), 2 survivors (4096K)
 Metaspace       used 27667K, committed 28032K, reserved 1114112K
  class space    used 3396K, committed 3584K, reserved 1048576K
}
Event: 3.410 GC heap before
{Heap before GC invocations=6 (full 0):
 garbage-first heap   total 61440K, used 45021K [0x000000070c400000, 0x0000000800000000)
  region size 2048K, 15 young (30720K), 2 survivors (4096K)
 Metaspace       used 31732K, committed 32192K, reserved 1114112K
  class space    used 3884K, committed 4096K, reserved 1048576K
}
Event: 3.413 GC heap after
{Heap after GC invocations=7 (full 0):
 garbage-first heap   total 61440K, used 21039K [0x000000070c400000, 0x0000000800000000)
  region size 2048K, 2 young (4096K), 2 survivors (4096K)
 Metaspace       used 31732K, committed 32192K, reserved 1114112K
  class space    used 3884K, committed 4096K, reserved 1048576K
}
Event: 3.845 GC heap before
{Heap before GC invocations=7 (full 0):
 garbage-first heap   total 61440K, used 45615K [0x000000070c400000, 0x0000000800000000)
  region size 2048K, 15 young (30720K), 2 survivors (4096K)
 Metaspace       used 35468K, committed 35968K, reserved 1114112K
  class space    used 4320K, committed 4544K, reserved 1048576K
}
Event: 3.848 GC heap after
{Heap after GC invocations=8 (full 0):
 garbage-first heap   total 61440K, used 22548K [0x000000070c400000, 0x0000000800000000)
  region size 2048K, 1 young (2048K), 1 survivors (2048K)
 Metaspace       used 35468K, committed 35968K, reserved 1114112K
  class space    used 4320K, committed 4544K, reserved 1048576K
}

